<?xml version="1.0" encoding="UTF-8"?>
<!-- Generated by org.testng.reporters.JUnitXMLReporter -->
<testsuite hostname="DESKTOP-UBRI0MS" name="Test" tests="2" failures="1" timestamp="31 Oct 2019 00:59:39 GMT" time="38.57" errors="0">
  <testcase name="feature" time="22.236" classname="runner.RunCuke"/>
  <testcase name="feature" time="15.623" classname="runner.RunCuke">
    <failure type="cucumber.runtime.CucumberException" message="org.openqa.selenium.SessionNotCreatedException: session not created
from chrome not reachable
  (Session info: chrome=78.0.3904.70)
Build info: version: &amp;apos;3.141.5&amp;apos;, revision: &amp;apos;d54ebd709a&amp;apos;, time: &amp;apos;2018-11-06T11:42:16&amp;apos;
System info: host: &amp;apos;DESKTOP-UBRI0MS&amp;apos;, ip: &amp;apos;192.168.23.176&amp;apos;, os.name: &amp;apos;Windows 10&amp;apos;, os.arch: &amp;apos;amd64&amp;apos;, os.version: &amp;apos;10.0&amp;apos;, java.version: &amp;apos;1.8.0_221&amp;apos;
Driver info: driver.version: SeleniumDriver
remote stacktrace: Backtrace:
	Ordinal0 [0x0063A903+1550595]
	Ordinal0 [0x005BA701+1025793]
	Ordinal0 [0x0053C58E+509326]
	Ordinal0 [0x005362C2+484034]
	Ordinal0 [0x0053699B+485787]
	Ordinal0 [0x00537B05+490245]
	Ordinal0 [0x00533A85+473733]
	Ordinal0 [0x0053D330+512816]
	Ordinal0 [0x004EB649+177737]
	Ordinal0 [0x004EA8ED+174317]
	Ordinal0 [0x004E8CDB+167131]
	Ordinal0 [0x004D144A+70730]
	Ordinal0 [0x004D24D0+74960]
	Ordinal0 [0x004D2469+74857]
	Ordinal0 [0x005D42C7+1131207]
	GetHandleVerifier [0x006D70FD+523789]
	GetHandleVerifier [0x006D6E90+523168]
	GetHandleVerifier [0x006DE1E7+552695]
	GetHandleVerifier [0x006D78FA+525834]
	Ordinal0 [0x005CB7FC+1095676]
	Ordinal0 [0x005D633B+1139515]
	Ordinal0 [0x005D64A3+1139875]
	Ordinal0 [0x005D5425+1135653]
	BaseThreadInitThunk [0x77286359+25]
	RtlGetAppContainerNamedObjectPath [0x77A37B74+228]
	RtlGetAppContainerNamedObjectPath [0x77A37B44+180]
">
      <![CDATA[cucumber.runtime.CucumberException: org.openqa.selenium.SessionNotCreatedException: session not created
from chrome not reachable
  (Session info: chrome=78.0.3904.70)
Build info: version: '3.141.5', revision: 'd54ebd709a', time: '2018-11-06T11:42:16'
System info: host: 'DESKTOP-UBRI0MS', ip: '192.168.23.176', os.name: 'Windows 10', os.arch: 'amd64', os.version: '10.0', java.version: '1.8.0_221'
Driver info: driver.version: SeleniumDriver
remote stacktrace: Backtrace:
	Ordinal0 [0x0063A903+1550595]
	Ordinal0 [0x005BA701+1025793]
	Ordinal0 [0x0053C58E+509326]
	Ordinal0 [0x005362C2+484034]
	Ordinal0 [0x0053699B+485787]
	Ordinal0 [0x00537B05+490245]
	Ordinal0 [0x00533A85+473733]
	Ordinal0 [0x0053D330+512816]
	Ordinal0 [0x004EB649+177737]
	Ordinal0 [0x004EA8ED+174317]
	Ordinal0 [0x004E8CDB+167131]
	Ordinal0 [0x004D144A+70730]
	Ordinal0 [0x004D24D0+74960]
	Ordinal0 [0x004D2469+74857]
	Ordinal0 [0x005D42C7+1131207]
	GetHandleVerifier [0x006D70FD+523789]
	GetHandleVerifier [0x006D6E90+523168]
	GetHandleVerifier [0x006DE1E7+552695]
	GetHandleVerifier [0x006D78FA+525834]
	Ordinal0 [0x005CB7FC+1095676]
	Ordinal0 [0x005D633B+1139515]
	Ordinal0 [0x005D64A3+1139875]
	Ordinal0 [0x005D5425+1135653]
	BaseThreadInitThunk [0x77286359+25]
	RtlGetAppContainerNamedObjectPath [0x77A37B74+228]
	RtlGetAppContainerNamedObjectPath [0x77A37B44+180]

	at cucumber.api.testng.TestNGCucumberRunner.runCucumber(TestNGCucumberRunner.java:69)
	at cucumber.api.testng.AbstractTestNGCucumberTests.feature(AbstractTestNGCucumberTests.java:21)
Caused by: org.openqa.selenium.SessionNotCreatedException: session not created
from chrome not reachable
  (Session info: chrome=78.0.3904.70)
Build info: version: '3.141.5', revision: 'd54ebd709a', time: '2018-11-06T11:42:16'
System info: host: 'DESKTOP-UBRI0MS', ip: '192.168.23.176', os.name: 'Windows 10', os.arch: 'amd64', os.version: '10.0', java.version: '1.8.0_221'
Driver info: driver.version: SeleniumDriver
remote stacktrace: Backtrace:
	Ordinal0 [0x0063A903+1550595]
	Ordinal0 [0x005BA701+1025793]
	Ordinal0 [0x0053C58E+509326]
	Ordinal0 [0x005362C2+484034]
	Ordinal0 [0x0053699B+485787]
	Ordinal0 [0x00537B05+490245]
	Ordinal0 [0x00533A85+473733]
	Ordinal0 [0x0053D330+512816]
	Ordinal0 [0x004EB649+177737]
	Ordinal0 [0x004EA8ED+174317]
	Ordinal0 [0x004E8CDB+167131]
	Ordinal0 [0x004D144A+70730]
	Ordinal0 [0x004D24D0+74960]
	Ordinal0 [0x004D2469+74857]
	Ordinal0 [0x005D42C7+1131207]
	GetHandleVerifier [0x006D70FD+523789]
	GetHandleVerifier [0x006D6E90+523168]
	GetHandleVerifier [0x006DE1E7+552695]
	GetHandleVerifier [0x006D78FA+525834]
	Ordinal0 [0x005CB7FC+1095676]
	Ordinal0 [0x005D633B+1139515]
	Ordinal0 [0x005D64A3+1139875]
	Ordinal0 [0x005D5425+1135653]
	BaseThreadInitThunk [0x77286359+25]
	RtlGetAppContainerNamedObjectPath [0x77A37B74+228]
	RtlGetAppContainerNamedObjectPath [0x77A37B44+180]

	at org.openqa.selenium.remote.W3CHandshakeResponse.lambda$errorHandler$0(W3CHandshakeResponse.java:62)
	at org.openqa.selenium.remote.HandshakeResponse.lambda$getResponseFunction$0(HandshakeResponse.java:30)
	at org.openqa.selenium.remote.ProtocolHandshake.lambda$createSession$0(ProtocolHandshake.java:123)
	at java.util.stream.ReferencePipeline$3$1.accept(ReferencePipeline.java:193)
	at java.util.Spliterators$ArraySpliterator.tryAdvance(Spliterators.java:958)
	at java.util.stream.ReferencePipeline.forEachWithCancel(ReferencePipeline.java:126)
	at java.util.stream.AbstractPipeline.copyIntoWithCancel(AbstractPipeline.java:499)
	at java.util.stream.AbstractPipeline.copyInto(AbstractPipeline.java:486)
	at java.util.stream.AbstractPipeline.wrapAndCopyInto(AbstractPipeline.java:472)
	at java.util.stream.FindOps$FindOp.evaluateSequential(FindOps.java:152)
	at java.util.stream.AbstractPipeline.evaluate(AbstractPipeline.java:234)
	at java.util.stream.ReferencePipeline.findFirst(ReferencePipeline.java:464)
	at org.openqa.selenium.remote.ProtocolHandshake.createSession(ProtocolHandshake.java:125)
	at org.openqa.selenium.remote.ProtocolHandshake.createSession(ProtocolHandshake.java:74)
	at org.openqa.selenium.remote.HttpCommandExecutor.execute(HttpCommandExecutor.java:136)
	at org.openqa.selenium.remote.service.DriverCommandExecutor.execute(DriverCommandExecutor.java:83)
	at org.openqa.selenium.remote.RemoteWebDriver.execute(RemoteWebDriver.java:552)
	at org.openqa.selenium.remote.RemoteWebDriver.startSession(RemoteWebDriver.java:213)
	at org.openqa.selenium.remote.RemoteWebDriver.<init>(RemoteWebDriver.java:131)
	at org.openqa.selenium.chrome.ChromeDriver.<init>(ChromeDriver.java:181)
	at org.openqa.selenium.chrome.ChromeDriver.<init>(ChromeDriver.java:168)
	at org.openqa.selenium.chrome.ChromeDriver.<init>(ChromeDriver.java:123)
	at utils.SeleniumDriver.<init>(SeleniumDriver.java:21)
	at utils.SeleniumDriver.setUpDriver(SeleniumDriver.java:40)
	at steps.BeforeActions.setUp(BeforeActions.java:12)
	at cucumber.runtime.Utils$1.call(Utils.java:40)
	at cucumber.runtime.Timeout.timeout(Timeout.java:16)
	at cucumber.runtime.Utils.invoke(Utils.java:34)
	at cucumber.runtime.java.JavaHookDefinition.execute(JavaHookDefinition.java:60)
	at cucumber.runtime.Runtime.runHookIfTagsMatch(Runtime.java:224)
	at cucumber.runtime.Runtime.runHooks(Runtime.java:212)
	at cucumber.runtime.Runtime.runBeforeHooks(Runtime.java:202)
	at cucumber.runtime.model.CucumberScenario.run(CucumberScenario.java:40)
	at cucumber.runtime.model.CucumberFeature.run(CucumberFeature.java:165)
	at cucumber.api.testng.TestNGCucumberRunner.runCucumber(TestNGCucumberRunner.java:63)
	... 28 more
... Removed 35 stack frames]]>
    </failure>
  </testcase> <!-- feature -->
</testsuite> <!-- Test -->
